-------------------------------------------------------------------------------
Test set: br.edu.ifsp.spo.lp2a4.spring.Lp2A4MavenProjetoApplicationTests
-------------------------------------------------------------------------------
Tests run: 1, Failures: 0, Errors: 1, Skipped: 0, Time elapsed: 4.356 s <<< FAILURE! - in br.edu.ifsp.spo.lp2a4.spring.Lp2A4MavenProjetoApplicationTests
contextLoads  Time elapsed: 0.014 s  <<< ERROR!
java.lang.NoSuchMethodError: 'void org.json.JSONObject.<init>(java.lang.Object)'

